[2025-01-19 21:17:27.357] [TTNPL-6599] [main] INFO
                com.sal.loggy.elk.ElkApplication@logStarting:53 - Starting ElkApplication using Java 21.0.5 with PID 39956 (/home/salman/project/elk/target/classes started by salman in /home/salman/project/elk)
[2025-01-19 21:17:27.359] [TTNPL-6599] [main] INFO
                com.sal.loggy.elk.ElkApplication@logStartupProfileInfo:652 - No active profile set, falling back to 1 default profile: "default"
[2025-01-19 21:17:27.883] [TTNPL-6599] [main] INFO
                o.s.d.r.c.RepositoryConfigurationDelegate@registerRepositoriesIn:143 - Bootstrapping Spring Data JPA repositories in DEFAULT mode.
[2025-01-19 21:17:27.931] [TTNPL-6599] [main] INFO
                o.s.d.r.c.RepositoryConfigurationDelegate@registerRepositoriesIn:211 - Finished Spring Data repository scanning in 40 ms. Found 1 JPA repository interface.
[2025-01-19 21:17:28.344] [TTNPL-6599] [main] INFO
                o.s.b.w.e.tomcat.TomcatWebServer@initialize:111 - Tomcat initialized with port 8077 (http)
[2025-01-19 21:17:28.357] [TTNPL-6599] [main] INFO
                o.a.coyote.http11.Http11NioProtocol@log:173 - Initializing ProtocolHandler ["http-nio-8077"]
[2025-01-19 21:17:28.359] [TTNPL-6599] [main] INFO
                o.a.catalina.core.StandardService@log:173 - Starting service [Tomcat]
[2025-01-19 21:17:28.360] [TTNPL-6599] [main] INFO
                o.a.catalina.core.StandardEngine@log:173 - Starting Servlet engine: [Apache Tomcat/10.1.34]
[2025-01-19 21:17:28.402] [TTNPL-6599] [main] INFO
                o.a.c.c.C.[.[localhost].[/api]@log:173 - Initializing Spring embedded WebApplicationContext
[2025-01-19 21:17:28.403] [TTNPL-6599] [main] INFO
                o.s.b.w.s.c.ServletWebServerApplicationContext@prepareWebApplicationContext:296 - Root WebApplicationContext: initialization completed in 1001 ms
[2025-01-19 21:17:28.542] [TTNPL-6599] [main] INFO
                o.h.jpa.internal.util.LogHelper@logPersistenceUnitInformation:31 - HHH000204: Processing PersistenceUnitInfo [name: default]
[2025-01-19 21:17:28.579] [TTNPL-6599] [main] INFO
                org.hibernate.Version@logVersion:44 - HHH000412: Hibernate ORM core version 6.6.4.Final
[2025-01-19 21:17:28.603] [TTNPL-6599] [main] INFO
                o.h.c.i.RegionFactoryInitiator@initiateService:50 - HHH000026: Second-level cache disabled
[2025-01-19 21:17:28.817] [TTNPL-6599] [main] INFO
                o.s.o.j.p.SpringPersistenceUnitInfo@addTransformer:87 - No LoadTimeWeaver setup: ignoring JPA class transformer
[2025-01-19 21:17:28.840] [TTNPL-6599] [main] INFO
                com.zaxxer.hikari.HikariDataSource@getConnection:109 - HikariPool-1 - Starting...
[2025-01-19 21:17:28.977] [TTNPL-6599] [main] INFO
                com.zaxxer.hikari.pool.HikariPool@checkFailFast:554 - HikariPool-1 - Added connection com.mysql.cj.jdbc.ConnectionImpl@7ec13984
[2025-01-19 21:17:28.979] [TTNPL-6599] [main] INFO
                com.zaxxer.hikari.HikariDataSource@getConnection:122 - HikariPool-1 - Start completed.
[2025-01-19 21:17:29.038] [TTNPL-6599] [main] INFO
                o.hibernate.orm.connections.pooling@initiateService:157 - HHH10001005: Database info:
	Database JDBC URL [Connecting through datasource 'HikariDataSource (HikariPool-1)']
	Database driver: undefined/unknown
	Database version: 8.0.40
	Autocommit mode: undefined/unknown
	Isolation level: undefined/unknown
	Minimum pool size: undefined/unknown
	Maximum pool size: undefined/unknown
[2025-01-19 21:17:29.554] [TTNPL-6599] [main] INFO
                o.h.e.t.j.p.i.JtaPlatformInitiator@initiateService:59 - HHH000489: No JTA platform available (set 'hibernate.transaction.jta.platform' to enable JTA platform integration)
[2025-01-19 21:17:29.588] [TTNPL-6599] [main] INFO
                o.s.o.j.LocalContainerEntityManagerFactoryBean@buildNativeEntityManagerFactory:447 - Initialized JPA EntityManagerFactory for persistence unit 'default'
[2025-01-19 21:17:29.806] [TTNPL-6599] [main] WARN
                o.s.b.a.o.j.JpaBaseConfiguration$JpaWebConfiguration@openEntityManagerInViewInterceptor:241 - spring.jpa.open-in-view is enabled by default. Therefore, database queries may be performed during view rendering. Explicitly configure spring.jpa.open-in-view to disable this warning
[2025-01-19 21:17:30.078] [TTNPL-6599] [main] INFO
                o.a.coyote.http11.Http11NioProtocol@log:173 - Starting ProtocolHandler ["http-nio-8077"]
[2025-01-19 21:17:30.088] [TTNPL-6599] [main] INFO
                o.s.b.w.e.tomcat.TomcatWebServer@start:243 - Tomcat started on port 8077 (http) with context path '/api'
[2025-01-19 21:17:30.095] [TTNPL-6599] [main] INFO
                com.sal.loggy.elk.ElkApplication@logStarted:59 - Started ElkApplication in 3.063 seconds (process running for 3.597)
[2025-01-19 21:18:04.594] [TTNPL-6599] [SpringApplicationShutdownHook] INFO
                o.s.b.w.e.tomcat.GracefulShutdown@shutDownGracefully:54 - Commencing graceful shutdown. Waiting for active requests to complete
[2025-01-19 21:18:04.597] [TTNPL-6599] [tomcat-shutdown] INFO
                o.s.b.w.e.tomcat.GracefulShutdown@doShutdown:76 - Graceful shutdown complete
[2025-01-19 21:18:04.600] [TTNPL-6599] [SpringApplicationShutdownHook] INFO
                o.s.o.j.LocalContainerEntityManagerFactoryBean@destroy:660 - Closing JPA EntityManagerFactory for persistence unit 'default'
[2025-01-19 21:18:04.602] [TTNPL-6599] [SpringApplicationShutdownHook] INFO
                com.zaxxer.hikari.HikariDataSource@close:349 - HikariPool-1 - Shutdown initiated...
[2025-01-19 21:18:04.607] [TTNPL-6599] [SpringApplicationShutdownHook] INFO
                com.zaxxer.hikari.HikariDataSource@close:351 - HikariPool-1 - Shutdown completed.
[2025-01-19 21:18:06.372] [TTNPL-6599] [main] INFO
                com.sal.loggy.elk.ElkApplication@logStarting:53 - Starting ElkApplication using Java 21.0.5 with PID 40126 (/home/salman/project/elk/target/classes started by salman in /home/salman/project/elk)
[2025-01-19 21:18:06.374] [TTNPL-6599] [main] INFO
                com.sal.loggy.elk.ElkApplication@logStartupProfileInfo:652 - No active profile set, falling back to 1 default profile: "default"
[2025-01-19 21:18:06.889] [TTNPL-6599] [main] INFO
                o.s.d.r.c.RepositoryConfigurationDelegate@registerRepositoriesIn:143 - Bootstrapping Spring Data JPA repositories in DEFAULT mode.
[2025-01-19 21:18:06.935] [TTNPL-6599] [main] INFO
                o.s.d.r.c.RepositoryConfigurationDelegate@registerRepositoriesIn:211 - Finished Spring Data repository scanning in 38 ms. Found 1 JPA repository interface.
[2025-01-19 21:18:07.346] [TTNPL-6599] [main] INFO
                o.s.b.w.e.tomcat.TomcatWebServer@initialize:111 - Tomcat initialized with port 8077 (http)
[2025-01-19 21:18:07.357] [TTNPL-6599] [main] INFO
                o.a.coyote.http11.Http11NioProtocol@log:173 - Initializing ProtocolHandler ["http-nio-8077"]
[2025-01-19 21:18:07.360] [TTNPL-6599] [main] INFO
                o.a.catalina.core.StandardService@log:173 - Starting service [Tomcat]
[2025-01-19 21:18:07.360] [TTNPL-6599] [main] INFO
                o.a.catalina.core.StandardEngine@log:173 - Starting Servlet engine: [Apache Tomcat/10.1.34]
[2025-01-19 21:18:07.400] [TTNPL-6599] [main] INFO
                o.a.c.c.C.[.[localhost].[/api]@log:173 - Initializing Spring embedded WebApplicationContext
[2025-01-19 21:18:07.401] [TTNPL-6599] [main] INFO
                o.s.b.w.s.c.ServletWebServerApplicationContext@prepareWebApplicationContext:296 - Root WebApplicationContext: initialization completed in 986 ms
[2025-01-19 21:18:07.531] [TTNPL-6599] [main] INFO
                o.h.jpa.internal.util.LogHelper@logPersistenceUnitInformation:31 - HHH000204: Processing PersistenceUnitInfo [name: default]
[2025-01-19 21:18:07.566] [TTNPL-6599] [main] INFO
                org.hibernate.Version@logVersion:44 - HHH000412: Hibernate ORM core version 6.6.4.Final
[2025-01-19 21:18:07.590] [TTNPL-6599] [main] INFO
                o.h.c.i.RegionFactoryInitiator@initiateService:50 - HHH000026: Second-level cache disabled
[2025-01-19 21:18:07.802] [TTNPL-6599] [main] INFO
                o.s.o.j.p.SpringPersistenceUnitInfo@addTransformer:87 - No LoadTimeWeaver setup: ignoring JPA class transformer
[2025-01-19 21:18:07.824] [TTNPL-6599] [main] INFO
                com.zaxxer.hikari.HikariDataSource@getConnection:109 - HikariPool-1 - Starting...
[2025-01-19 21:18:07.957] [TTNPL-6599] [main] INFO
                com.zaxxer.hikari.pool.HikariPool@checkFailFast:554 - HikariPool-1 - Added connection com.mysql.cj.jdbc.ConnectionImpl@5086623f
[2025-01-19 21:18:07.959] [TTNPL-6599] [main] INFO
                com.zaxxer.hikari.HikariDataSource@getConnection:122 - HikariPool-1 - Start completed.
[2025-01-19 21:18:08.018] [TTNPL-6599] [main] INFO
                o.hibernate.orm.connections.pooling@initiateService:157 - HHH10001005: Database info:
	Database JDBC URL [Connecting through datasource 'HikariDataSource (HikariPool-1)']
	Database driver: undefined/unknown
	Database version: 8.0.40
	Autocommit mode: undefined/unknown
	Isolation level: undefined/unknown
	Minimum pool size: undefined/unknown
	Maximum pool size: undefined/unknown
[2025-01-19 21:18:08.564] [TTNPL-6599] [main] INFO
                o.h.e.t.j.p.i.JtaPlatformInitiator@initiateService:59 - HHH000489: No JTA platform available (set 'hibernate.transaction.jta.platform' to enable JTA platform integration)
[2025-01-19 21:18:08.600] [TTNPL-6599] [main] INFO
                o.s.o.j.LocalContainerEntityManagerFactoryBean@buildNativeEntityManagerFactory:447 - Initialized JPA EntityManagerFactory for persistence unit 'default'
[2025-01-19 21:18:08.831] [TTNPL-6599] [main] WARN
                o.s.b.a.o.j.JpaBaseConfiguration$JpaWebConfiguration@openEntityManagerInViewInterceptor:241 - spring.jpa.open-in-view is enabled by default. Therefore, database queries may be performed during view rendering. Explicitly configure spring.jpa.open-in-view to disable this warning
[2025-01-19 21:18:09.070] [TTNPL-6599] [main] INFO
                o.a.coyote.http11.Http11NioProtocol@log:173 - Starting ProtocolHandler ["http-nio-8077"]
[2025-01-19 21:18:09.080] [TTNPL-6599] [main] INFO
                o.s.b.w.e.tomcat.TomcatWebServer@start:243 - Tomcat started on port 8077 (http) with context path '/api'
[2025-01-19 21:18:09.088] [TTNPL-6599] [main] INFO
                com.sal.loggy.elk.ElkApplication@logStarted:59 - Started ElkApplication in 3.085 seconds (process running for 3.581)
[2025-01-19 21:20:18.675] [TTNPL-6599] [SpringApplicationShutdownHook] INFO
                o.s.b.w.e.tomcat.GracefulShutdown@shutDownGracefully:54 - Commencing graceful shutdown. Waiting for active requests to complete
[2025-01-19 21:20:18.679] [TTNPL-6599] [tomcat-shutdown] INFO
                o.s.b.w.e.tomcat.GracefulShutdown@doShutdown:76 - Graceful shutdown complete
[2025-01-19 21:20:18.684] [TTNPL-6599] [SpringApplicationShutdownHook] INFO
                o.s.o.j.LocalContainerEntityManagerFactoryBean@destroy:660 - Closing JPA EntityManagerFactory for persistence unit 'default'
[2025-01-19 21:20:18.686] [TTNPL-6599] [SpringApplicationShutdownHook] INFO
                com.zaxxer.hikari.HikariDataSource@close:349 - HikariPool-1 - Shutdown initiated...
[2025-01-19 21:20:18.694] [TTNPL-6599] [SpringApplicationShutdownHook] INFO
                com.zaxxer.hikari.HikariDataSource@close:351 - HikariPool-1 - Shutdown completed.
